<?xml version="1.0" encoding="UTF-8"?>
<testsuite xmlns:xsi="http://www.w3.org/2001/XMLSchema-instance" xsi:noNamespaceSchemaLocation="https://maven.apache.org/surefire/maven-surefire-plugin/xsd/surefire-test-report-3.0.xsd" version="3.0" name="org.example.CalculatorTest" time="0.001" tests="3" errors="0" skipped="0" failures="0">
  <properties>
    <property name="java.specification.version" value="21"/>
    <property name="sun.cpu.isalist" value="amd64"/>
    <property name="sun.jnu.encoding" value="Cp1252"/>
    <property name="java.class.path" value="C:\Users\SUMIT ADHIKARI\Desktop\Java-FSE-4.0-solution\week 2\Unit Test\JunitExample\target\test-classes;C:\Users\SUMIT ADHIKARI\Desktop\Java-FSE-4.0-solution\week 2\Unit Test\JunitExample\target\classes;C:\Users\SUMIT ADHIKARI\.m2\repository\junit\junit\4.13.2\junit-4.13.2.jar;C:\Users\SUMIT ADHIKARI\.m2\repository\org\hamcrest\hamcrest-core\1.3\hamcrest-core-1.3.jar;"/>
    <property name="java.vm.vendor" value="Oracle Corporation"/>
    <property name="sun.arch.data.model" value="64"/>
    <property name="user.variant" value=""/>
    <property name="java.vendor.url" value="https://java.oracle.com/"/>
    <property name="user.timezone" value="Asia/Calcutta"/>
    <property name="os.name" value="Windows 11"/>
    <property name="java.vm.specification.version" value="21"/>
    <property name="sun.java.launcher" value="SUN_STANDARD"/>
    <property name="user.country" value="IN"/>
    <property name="sun.boot.library.path" value="C:\Program Files\Java\jdk-21\bin"/>
    <property name="sun.java.command" value="C:\Users\SUMIT ADHIKARI\AppData\Local\Temp\surefire12997179194664288662\surefirebooter-20250627173641906_3.jar C:\Users\SUMIT ADHIKARI\AppData\Local\Temp\surefire12997179194664288662 2025-06-27T17-36-41_631-jvmRun1 surefire-20250627173641906_1tmp surefire_0-20250627173641906_2tmp"/>
    <property name="jdk.debug" value="release"/>
    <property name="surefire.test.class.path" value="C:\Users\SUMIT ADHIKARI\Desktop\Java-FSE-4.0-solution\week 2\Unit Test\JunitExample\target\test-classes;C:\Users\SUMIT ADHIKARI\Desktop\Java-FSE-4.0-solution\week 2\Unit Test\JunitExample\target\classes;C:\Users\SUMIT ADHIKARI\.m2\repository\junit\junit\4.13.2\junit-4.13.2.jar;C:\Users\SUMIT ADHIKARI\.m2\repository\org\hamcrest\hamcrest-core\1.3\hamcrest-core-1.3.jar;"/>
    <property name="sun.cpu.endian" value="little"/>
    <property name="user.home" value="C:\Users\SUMIT ADHIKARI"/>
    <property name="user.language" value="en"/>
    <property name="java.specification.vendor" value="Oracle Corporation"/>
    <property name="java.version.date" value="2024-04-16"/>
    <property name="java.home" value="C:\Program Files\Java\jdk-21"/>
    <property name="file.separator" value="\"/>
    <property name="basedir" value="C:\Users\SUMIT ADHIKARI\Desktop\Java-FSE-4.0-solution\week 2\Unit Test\JunitExample"/>
    <property name="java.vm.compressedOopsMode" value="32-bit"/>
    <property name="line.separator" value="&#10;"/>
    <property name="java.vm.specification.vendor" value="Oracle Corporation"/>
    <property name="java.specification.name" value="Java Platform API Specification"/>
    <property name="surefire.real.class.path" value="C:\Users\SUMIT ADHIKARI\AppData\Local\Temp\surefire12997179194664288662\surefirebooter-20250627173641906_3.jar"/>
    <property name="user.script" value=""/>
    <property name="sun.management.compiler" value="HotSpot 64-Bit Tiered Compilers"/>
    <property name="java.runtime.version" value="21.0.3+7-LTS-152"/>
    <property name="user.name" value="SUMIT ADHIKARI"/>
    <property name="stdout.encoding" value="Cp1252"/>
    <property name="path.separator" value=";"/>
    <property name="os.version" value="10.0"/>
    <property name="java.runtime.name" value="Java(TM) SE Runtime Environment"/>
    <property name="file.encoding" value="UTF-8"/>
    <property name="java.vm.name" value="Java HotSpot(TM) 64-Bit Server VM"/>
    <property name="localRepository" value="C:\Users\SUMIT ADHIKARI\.m2\repository"/>
    <property name="java.vendor.url.bug" value="https://bugreport.java.com/bugreport/"/>
    <property name="java.io.tmpdir" value="C:\Users\SUMITA~1\AppData\Local\Temp\"/>
    <property name="java.version" value="21.0.3"/>
    <property name="user.dir" value="C:\Users\SUMIT ADHIKARI\Desktop\Java-FSE-4.0-solution\week 2\Unit Test\JunitExample"/>
    <property name="os.arch" value="amd64"/>
    <property name="java.vm.specification.name" value="Java Virtual Machine Specification"/>
    <property name="sun.os.patch.level" value=""/>
    <property name="native.encoding" value="Cp1252"/>
    <property name="java.library.path" value="C:\Program Files\Java\jdk-21\bin;C:\WINDOWS\Sun\Java\bin;C:\WINDOWS\system32;C:\WINDOWS;C:\Program Files\Common Files\Oracle\Java\javapath;C:\windows\system32;C:\windows;C:\windows\System32\Wbem;C:\windows\System32\WindowsPowerShell\v1.0\;C:\windows\System32\OpenSSH\;C:\Program Files (x86)\NVIDIA Corporation\PhysX\Common;C:\WINDOWS\system32;C:\WINDOWS;C:\WINDOWS\System32\Wbem;C:\WINDOWS\System32\WindowsPowerShell\v1.0\;C:\WINDOWS\System32\OpenSSH\;C:\Program Files\Git\cmd;C:\Program Files\NVIDIA Corporation\NVIDIA NvDLISR;C:\WINDOWS\system32;C:\WINDOWS;C:\WINDOWS\System32\Wbem;C:\WINDOWS\System32\WindowsPowerShell\v1.0\;C:\WINDOWS\System32\OpenSSH\;C:\Program Files\dotnet\;C:\ProgramData\chocolatey\bin;C:\flutter\bin;C:\Users\SUMIT ADHIKARI\Downloads\dartsdk-windows-x64-release.zip\dart-sdk;C:\Program Files\Docker\Docker\resources\bin;C:\Program Files\Go\bin;C:\Program Files\nodejs\;C:\Program Files\php-8.4.8;C:\Users\SUMIT ADHIKARI\.console-ninja\.bin;C:\Users\SUMIT ADHIKARI\AppData\Local\Programs\Python\Python313\Scripts\;C:\Users\SUMIT ADHIKARI\AppData\Local\Programs\Python\Python313\;C:\Program Files\MySQL\MySQL Shell 8.0\bin\;C:\Users\SUMIT ADHIKARI\AppData\Local\Microsoft\WindowsApps;C:\Users\SUMIT ADHIKARI\AppData\Local\Programs\Microsoft VS Code\bin;C:\Users\SUMIT ADHIKARI\AppData\Local\GitHubDesktop\bin;C:\Program Files\Java\jdk-21\bin;C:\src\flutter\bin;C:\Users\SUMIT ADHIKARI\AppData\Local\Pub\Cache\bin;C:\MinGW\bin;C:\Users\SUMIT ADHIKARI\AppData\Local\Yarn\bin;C:\Program Files\Tesseract-OCR;C:\Users\SUMIT ADHIKARI\AppData\Local\Programs\mongosh\;C:\Program Files\MongoDB\Server\7.0\bin;C:\Program Files\MongoDB\Server\mongosh-2.2.3-win32-x64\bin;C:\Users\SUMIT ADHIKARI\go\bin;C:\Users\SUMIT ADHIKARI\AppData\Local\Programs\oh-my-posh\bin;C:\Program Files\JetBrains\IntelliJ IDEA 2024.1.4\bin;C:\Program Files\JetBrains\IntelliJ IDEA Community Edition 2024.1.4\bin;C:\Users\SUMIT ADHIKARI\Downloads\gradle-8.10-bin\gradle-8.10\bin;C:\Program Files\Apache Software Foundation\Tomcat 10.1\lib\servlet-api.jar;C:\Program Files\apache-maven-3.9.9\bin;C:\Program Files\PostgreSQL\17\bin;C:\Users\SUMIT ADHIKARI\AppData\Roaming\npm;;."/>
    <property name="java.vm.info" value="mixed mode, sharing"/>
    <property name="stderr.encoding" value="Cp1252"/>
    <property name="java.vendor" value="Oracle Corporation"/>
    <property name="java.vm.version" value="21.0.3+7-LTS-152"/>
    <property name="sun.io.unicode.encoding" value="UnicodeLittle"/>
    <property name="java.class.version" value="65.0"/>
  </properties>
  <testcase name="testAdd" classname="org.example.CalculatorTest" time="0.0"/>
  <testcase name="testIsPositive" classname="org.example.CalculatorTest" time="0.0"/>
  <testcase name="testMultiply" classname="org.example.CalculatorTest" time="0.0"/>
</testsuite>